timestamp: 2014-09-12T20:49:12.950000
CREATE TABLE auth_user(
    id INTEGER PRIMARY KEY AUTOINCREMENT,
    first_name CHAR(128),
    last_name CHAR(128),
    email CHAR(512),
    password CHAR(512),
    registration_key CHAR(512),
    reset_password_key CHAR(512),
    registration_id CHAR(512)
);
success!
timestamp: 2014-09-12T20:49:13.125000
CREATE TABLE auth_group(
    id INTEGER PRIMARY KEY AUTOINCREMENT,
    role CHAR(512),
    description TEXT
);
success!
timestamp: 2014-09-12T20:49:13.265000
CREATE TABLE auth_membership(
    id INTEGER PRIMARY KEY AUTOINCREMENT,
    user_id INTEGER REFERENCES auth_user (id) ON DELETE CASCADE,
    group_id INTEGER REFERENCES auth_group (id) ON DELETE CASCADE
);
success!
timestamp: 2014-09-12T20:49:13.454000
CREATE TABLE auth_permission(
    id INTEGER PRIMARY KEY AUTOINCREMENT,
    group_id INTEGER REFERENCES auth_group (id) ON DELETE CASCADE,
    name CHAR(512),
    table_name CHAR(512),
    record_id INTEGER
);
success!
timestamp: 2014-09-12T20:49:13.560000
CREATE TABLE auth_event(
    id INTEGER PRIMARY KEY AUTOINCREMENT,
    time_stamp TIMESTAMP,
    client_ip CHAR(512),
    user_id INTEGER REFERENCES auth_user (id) ON DELETE CASCADE,
    origin CHAR(512),
    description TEXT
);
success!
timestamp: 2014-09-12T20:49:13.761000
CREATE TABLE auth_cas(
    id INTEGER PRIMARY KEY AUTOINCREMENT,
    user_id INTEGER REFERENCES auth_user (id) ON DELETE CASCADE,
    created_on TIMESTAMP,
    service CHAR(512),
    ticket CHAR(512),
    renew CHAR(1)
);
success!
timestamp: 2014-09-12T20:49:14.121000
CREATE TABLE articles(
    id INTEGER PRIMARY KEY AUTOINCREMENT,
    name CHAR(30),
    description TEXT,
    price DOUBLE,
    total_in_shelf INTEGER,
    total_in_vault INTEGER,
    store_id INTEGER
);
success!
timestamp: 2014-09-12T20:49:14.245000
CREATE TABLE stores(
    id INTEGER PRIMARY KEY AUTOINCREMENT,
    name CHAR(30),
    address TEXT
);
success!
timestamp: 2014-09-12T22:15:32.124000
CREATE TABLE article(
    id INTEGER PRIMARY KEY AUTOINCREMENT,
    name CHAR(30),
    description TEXT,
    price DOUBLE,
    total_in_shelf INTEGER,
    total_in_vault INTEGER,
    store_id INTEGER
);
success!
timestamp: 2014-09-12T22:15:32.290000
CREATE TABLE store(
    id INTEGER PRIMARY KEY AUTOINCREMENT,
    name CHAR(30),
    address TEXT
);
success!
